2023-01-19 17:33:37 INFO  Menu:12 - ************WELECOME TO PIZZA STORE**************
  2023-01-19 17:33:37 INFO  Menu:13 - Press 1 to insert receptionist details:-
  2023-01-19 17:33:37 INFO  Menu:14 - Press 2 to update receptionist details:-
  2023-01-19 17:33:37 INFO  Menu:15 - Press 3 to delete receptionist details:-
  2023-01-19 17:33:37 INFO  Menu:16 - Press 4 to get receptionist details:-
  2023-01-19 17:33:59 INFO  Menu:90 - Enter the name of receptionist:-
  2023-01-19 17:34:45 INFO  Menu:92 - Enter the contact no of receptionist:-
  2023-01-19 17:34:54 INFO  Menu:94 - Enter the designation of receptionist:-
  2023-01-19 17:35:48 INFO  Menu:12 - ************WELECOME TO PIZZA STORE**************
  2023-01-19 17:35:48 INFO  Menu:13 - Press 1 to insert receptionist details:-
  2023-01-19 17:35:48 INFO  Menu:14 - Press 2 to update receptionist details:-
  2023-01-19 17:35:48 INFO  Menu:15 - Press 3 to delete receptionist details:-
  2023-01-19 17:35:48 INFO  Menu:16 - Press 4 to get receptionist details:-
  2023-01-19 17:36:14 INFO  Menu:12 - ************WELECOME TO PIZZA STORE**************
  2023-01-19 17:36:14 INFO  Menu:13 - Press 1 to insert receptionist details:-
  2023-01-19 17:36:14 INFO  Menu:14 - Press 2 to update receptionist details:-
  2023-01-19 17:36:14 INFO  Menu:15 - Press 3 to delete receptionist details:-
  2023-01-19 17:36:14 INFO  Menu:16 - Press 4 to get receptionist details:-
  2023-01-19 19:40:05 INFO  Menu:12 - ************WELECOME TO PIZZA STORE**************
  2023-01-19 19:40:05 INFO  Menu:13 - Press 1 to insert receptionist details:-
  2023-01-19 19:40:05 INFO  Menu:14 - Press 2 to update receptionist details:-
  2023-01-19 19:40:05 INFO  Menu:15 - Press 3 to delete receptionist details:-
  2023-01-19 19:40:05 INFO  Menu:16 - Press 4 to get receptionist details:-
  2023-01-19 19:40:09 INFO  Menu:90 - Enter the name of receptionist:-
  2023-01-19 19:40:16 INFO  Menu:92 - Enter the contact no of receptionist:-
  2023-01-19 19:40:22 INFO  Menu:94 - Enter the designation of receptionist:-
  2023-01-19 19:40:27 INFO  Menu:96 - Enter the gender of receptionist:-
  2023-01-19 19:40:30 INFO  Menu:98 - Enter the address of the receptionist:-
  2023-01-19 19:40:35 INFO  Menu:100 - Enter the shift timing of receptionist:-
  2023-01-19 19:40:40 INFO  Menu:104 - Data stored succesffuly
  2023-01-19 19:40:40 INFO  Menu:24 - To continue press Y otherwise press N
  2023-01-19 19:40:43 INFO  Menu:12 - ************WELECOME TO PIZZA STORE**************
  2023-01-19 19:40:43 INFO  Menu:13 - Press 1 to insert receptionist details:-
  2023-01-19 19:40:43 INFO  Menu:14 - Press 2 to update receptionist details:-
  2023-01-19 19:40:43 INFO  Menu:15 - Press 3 to delete receptionist details:-
  2023-01-19 19:40:43 INFO  Menu:16 - Press 4 to get receptionist details:-
  2023-01-19 19:40:46 INFO  ReceptionistDaoImpl:49 - 1--Akshay Kadam--Counter_receptionist--Male--MORNING 09:00AM-06:00PM--9122546582--Raigad
  2023-01-19 19:40:46 INFO  ReceptionistDaoImpl:49 - 2--Mahesh--Senior--Male--9-5--321456987--Latur
  2023-01-19 19:40:46 INFO  Menu:24 - To continue press Y otherwise press N
  2023-01-19 19:41:04 INFO  Menu:12 - ************WELECOME TO PIZZA STORE**************
  2023-01-19 19:41:04 INFO  Menu:13 - Press 1 to insert receptionist details:-
  2023-01-19 19:41:04 INFO  Menu:14 - Press 2 to update receptionist details:-
  2023-01-19 19:41:04 INFO  Menu:15 - Press 3 to delete receptionist details:-
  2023-01-19 19:41:04 INFO  Menu:16 - Press 4 to get receptionist details:-
  2023-01-19 19:41:09 INFO  ReceptionistDaoImpl:49 - 1--Akshay Kadam--Counter_receptionist--Male--MORNING 09:00AM-06:00PM--9122546582--Raigad
  2023-01-19 19:41:09 INFO  ReceptionistDaoImpl:49 - 2--Mahesh--Senior--Male--9-5--321456987--Latur
  2023-01-19 19:41:09 INFO  Menu:47 - Enter the receptionist id
  2023-01-19 19:41:11 INFO  ReceptionistDaoImpl:81 - Press 1: update Receptionist Name
  2023-01-19 19:41:11 INFO  ReceptionistDaoImpl:82 - Press 2: update Designation )
  2023-01-19 19:41:11 INFO  ReceptionistDaoImpl:83 - Press 3: update Receptionist Gender
  2023-01-19 19:41:11 INFO  ReceptionistDaoImpl:84 - Press 4: update Receptionist shift timing
  2023-01-19 19:41:11 INFO  ReceptionistDaoImpl:85 - Press 5: update Receptionist Contact number
  2023-01-19 19:41:11 INFO  ReceptionistDaoImpl:86 - Press 6: update Receptionist Address
  2023-01-19 19:41:15 INFO  ReceptionistDaoImpl:136 - Enter Receptionist Shift Time
  2023-01-19 19:41:56 INFO  ReceptionistDaoImpl:147 - updated successfully
  2023-01-19 19:41:56 INFO  Menu:24 - To continue press Y otherwise press N
  2023-01-19 19:42:00 INFO  Menu:12 - ************WELECOME TO PIZZA STORE**************
  2023-01-19 19:42:00 INFO  Menu:13 - Press 1 to insert receptionist details:-
  2023-01-19 19:42:00 INFO  Menu:14 - Press 2 to update receptionist details:-
  2023-01-19 19:42:00 INFO  Menu:15 - Press 3 to delete receptionist details:-
  2023-01-19 19:42:00 INFO  Menu:16 - Press 4 to get receptionist details:-
  2023-01-19 19:42:04 INFO  ReceptionistDaoImpl:49 - 1--Akshay Kadam--Counter_receptionist--Male--MORNING 09:00AM-06:00PM--9122546582--Raigad
  2023-01-19 19:42:04 INFO  ReceptionistDaoImpl:49 - 2--Mahesh--Senior--Male--MOR 09:00AM - 05:00PM--321456987--Latur
  2023-01-19 19:42:04 INFO  Menu:24 - To continue press Y otherwise press N
  2023-01-19 19:42:21 INFO  Menu:12 - ************WELECOME TO PIZZA STORE**************
  2023-01-19 19:42:21 INFO  Menu:13 - Press 1 to insert receptionist details:-
  2023-01-19 19:42:21 INFO  Menu:14 - Press 2 to update receptionist details:-
  2023-01-19 19:42:21 INFO  Menu:15 - Press 3 to delete receptionist details:-
  2023-01-19 19:42:21 INFO  Menu:16 - Press 4 to get receptionist details:-
  2023-01-19 19:42:23 INFO  ReceptionistDaoImpl:49 - 1--Akshay Kadam--Counter_receptionist--Male--MORNING 09:00AM-06:00PM--9122546582--Raigad
  2023-01-19 19:42:23 INFO  ReceptionistDaoImpl:49 - 2--Mahesh--Senior--Male--MOR 09:00AM - 05:00PM--321456987--Latur
  2023-01-19 19:42:23 INFO  Menu:62 - Enter the receptionist id from the above list
  2023-01-19 19:42:30 INFO  Menu:67 - Deleted succesfully
  2023-01-19 19:42:30 INFO  Menu:24 - To continue press Y otherwise press N
  2023-01-19 19:42:33 INFO  Menu:12 - ************WELECOME TO PIZZA STORE**************
  2023-01-19 19:42:33 INFO  Menu:13 - Press 1 to insert receptionist details:-
  2023-01-19 19:42:33 INFO  Menu:14 - Press 2 to update receptionist details:-
  2023-01-19 19:42:33 INFO  Menu:15 - Press 3 to delete receptionist details:-
  2023-01-19 19:42:33 INFO  Menu:16 - Press 4 to get receptionist details:-
  2023-01-19 19:42:34 INFO  ReceptionistDaoImpl:49 - 1--Akshay Kadam--Counter_receptionist--Male--MORNING 09:00AM-06:00PM--9122546582--Raigad
  2023-01-19 19:42:34 INFO  Menu:24 - To continue press Y otherwise press N
  2023-01-19 19:42:54 INFO  Menu:12 - ************WELECOME TO PIZZA STORE**************
  2023-01-19 19:42:54 INFO  Menu:13 - Press 1 to insert receptionist details:-
  2023-01-19 19:42:54 INFO  Menu:14 - Press 2 to update receptionist details:-
  2023-01-19 19:42:54 INFO  Menu:15 - Press 3 to delete receptionist details:-
  2023-01-19 19:42:54 INFO  Menu:16 - Press 4 to get receptionist details:-
  2023-01-19 19:45:34 INFO  Menu:12 - ************WELECOME TO PIZZA STORE**************
  2023-01-19 19:45:34 INFO  Menu:13 - Press 1 to insert receptionist details:-
  2023-01-19 19:45:34 INFO  Menu:14 - Press 2 to update receptionist details:-
  2023-01-19 19:45:34 INFO  Menu:15 - Press 3 to delete receptionist details:-
  2023-01-19 19:45:34 INFO  Menu:16 - Press 4 to get receptionist details:-
  2023-01-19 19:45:48 INFO  Menu:90 - Enter the name of receptionist:-
  2023-01-19 19:45:53 INFO  Menu:12 - ************WELECOME TO PIZZA STORE**************
  2023-01-19 19:45:53 INFO  Menu:13 - Press 1 to insert receptionist details:-
  2023-01-19 19:45:53 INFO  Menu:14 - Press 2 to update receptionist details:-
  2023-01-19 19:45:53 INFO  Menu:15 - Press 3 to delete receptionist details:-
  2023-01-19 19:45:53 INFO  Menu:16 - Press 4 to get receptionist details:-
  2023-01-19 23:46:12 INFO  Menu:12 - ************WELECOME TO PIZZA STORE**************
  2023-01-19 23:46:12 INFO  Menu:13 - Press 1 to insert receptionist details:-
  2023-01-19 23:46:12 INFO  Menu:14 - Press 2 to update receptionist details:-
  2023-01-19 23:46:12 INFO  Menu:15 - Press 3 to delete receptionist details:-
  2023-01-19 23:46:12 INFO  Menu:16 - Press 4 to get receptionist details:-
  2023-01-19 23:47:19 INFO  Menu:12 - ************WELECOME TO PIZZA STORE**************
  2023-01-19 23:47:19 INFO  Menu:13 - Press 1 to insert receptionist details:-
  2023-01-19 23:47:19 INFO  Menu:14 - Press 2 to update receptionist details:-
  2023-01-19 23:47:19 INFO  Menu:15 - Press 3 to delete receptionist details:-
  2023-01-19 23:47:19 INFO  Menu:16 - Press 4 to get receptionist details:-
  2023-01-19 23:47:33 INFO  Menu:12 - ************WELECOME TO PIZZA STORE**************
  2023-01-19 23:47:33 INFO  Menu:13 - Press 1 to insert receptionist details:-
  2023-01-19 23:47:33 INFO  Menu:14 - Press 2 to update receptionist details:-
  2023-01-19 23:47:33 INFO  Menu:15 - Press 3 to delete receptionist details:-
  2023-01-19 23:47:33 INFO  Menu:16 - Press 4 to get receptionist details:-
  2023-01-19 23:51:18 INFO  Menu:12 - ************WELECOME TO PIZZA STORE**************
  2023-01-19 23:51:18 INFO  Menu:13 - Press 1 to insert receptionist details:-
  2023-01-19 23:51:18 INFO  Menu:14 - Press 2 to update receptionist details:-
  2023-01-19 23:51:18 INFO  Menu:15 - Press 3 to delete receptionist details:-
  2023-01-19 23:51:18 INFO  Menu:16 - Press 4 to get receptionist details:-
  2023-01-19 23:51:35 INFO  Menu:12 - ************WELECOME TO PIZZA STORE**************
  2023-01-19 23:51:35 INFO  Menu:13 - Press 1 to insert receptionist details:-
  2023-01-19 23:51:35 INFO  Menu:14 - Press 2 to update receptionist details:-
  2023-01-19 23:51:35 INFO  Menu:15 - Press 3 to delete receptionist details:-
  2023-01-19 23:51:35 INFO  Menu:16 - Press 4 to get receptionist details:-
  2023-01-19 23:52:24 INFO  Menu:12 - ************WELECOME TO PIZZA STORE**************
  2023-01-19 23:52:24 INFO  Menu:13 - Press 1 to insert receptionist details:-
  2023-01-19 23:52:24 INFO  Menu:14 - Press 2 to update receptionist details:-
  2023-01-19 23:52:24 INFO  Menu:15 - Press 3 to delete receptionist details:-
  2023-01-19 23:52:24 INFO  Menu:16 - Press 4 to get receptionist details:-
  2023-01-19 23:52:27 INFO  Menu:90 - Enter the name of receptionist:-
  2023-01-19 23:52:33 INFO  Menu:12 - ************WELECOME TO PIZZA STORE**************
  2023-01-19 23:52:33 INFO  Menu:13 - Press 1 to insert receptionist details:-
  2023-01-19 23:52:33 INFO  Menu:14 - Press 2 to update receptionist details:-
  2023-01-19 23:52:33 INFO  Menu:15 - Press 3 to delete receptionist details:-
  2023-01-19 23:52:33 INFO  Menu:16 - Press 4 to get receptionist details:-
  2023-01-19 23:52:35 INFO  ReceptionistDaoImpl:49 - 1--Akshay Kadam--Counter_receptionist--Male--MORNING 09:00AM-06:00PM--9122546582--Raigad
  2023-01-19 23:52:35 INFO  Menu:24 - To continue press Y otherwise press N
  2023-01-19 23:53:55 INFO  Menu:12 - ************WELECOME TO PIZZA STORE**************
  2023-01-19 23:53:55 INFO  Menu:13 - Press 1 to insert receptionist details:-
  2023-01-19 23:53:55 INFO  Menu:14 - Press 2 to update receptionist details:-
  2023-01-19 23:53:55 INFO  Menu:15 - Press 3 to delete receptionist details:-
  2023-01-19 23:53:55 INFO  Menu:16 - Press 4 to get receptionist details:-
  2023-01-19 23:54:27 INFO  Menu:12 - ************WELECOME TO PIZZA STORE**************
  2023-01-19 23:54:27 INFO  Menu:13 - Press 1 to insert receptionist details:-
  2023-01-19 23:54:27 INFO  Menu:14 - Press 2 to update receptionist details:-
  2023-01-19 23:54:27 INFO  Menu:15 - Press 3 to delete receptionist details:-
  2023-01-19 23:54:27 INFO  Menu:16 - Press 4 to get receptionist details:-
  2023-01-19 23:55:16 INFO  Menu:12 - ************WELECOME TO PIZZA STORE**************
  2023-01-19 23:55:16 INFO  Menu:13 - Press 1 to insert receptionist details:-
  2023-01-19 23:55:16 INFO  Menu:14 - Press 2 to update receptionist details:-
  2023-01-19 23:55:16 INFO  Menu:15 - Press 3 to delete receptionist details:-
  2023-01-19 23:55:16 INFO  Menu:16 - Press 4 to get receptionist details:-
  2023-01-19 23:57:05 INFO  Menu:12 - ************WELECOME TO PIZZA STORE**************
  2023-01-19 23:57:05 INFO  Menu:13 - Press 1 to insert receptionist details:-
  2023-01-19 23:57:05 INFO  Menu:14 - Press 2 to update receptionist details:-
  2023-01-19 23:57:05 INFO  Menu:15 - Press 3 to delete receptionist details:-
  2023-01-19 23:57:05 INFO  Menu:16 - Press 4 to get receptionist details:-
  2023-01-20 00:07:48 INFO  Menu:16 - ************WELECOME TO PIZZA STORE**************
  2023-01-20 00:07:48 INFO  Menu:17 - Press 1 to insert receptionist details:-
  2023-01-20 00:07:48 INFO  Menu:18 - Press 2 to update receptionist details:-
  2023-01-20 00:07:48 INFO  Menu:19 - Press 3 to delete receptionist details:-
  2023-01-20 00:07:48 INFO  Menu:20 - Press 4 to get receptionist details:-
  2023-01-20 00:08:19 INFO  ReceptionistDaoImpl:50 - 1--Akshay Kadam--Counter_receptionist--Male--MORNING 09:00AM-06:00PM--9122546582--Raigad
  2023-01-20 00:08:19 INFO  Menu:33 - To continue press Y otherwise press N
  2023-01-20 00:13:42 INFO  Menu:16 - ************WELECOME TO PIZZA STORE**************
  2023-01-20 00:13:42 INFO  Menu:17 - Press 1 to insert receptionist details:-
  2023-01-20 00:13:42 INFO  Menu:18 - Press 2 to update receptionist details:-
  2023-01-20 00:13:42 INFO  Menu:19 - Press 3 to delete receptionist details:-
  2023-01-20 00:13:42 INFO  Menu:20 - Press 4 to get receptionist details:-
  2023-01-20 00:13:53 INFO  ReceptionistDaoImpl:50 - 1--Akshay Kadam--Counter_receptionist--Male--MORNING 09:00AM-06:00PM--9122546582--Raigad
  2023-01-20 00:13:53 INFO  Menu:55 - Enter the receptionist id
  2023-01-20 00:29:57 INFO  Menu:24 - ==========Welcome Admin==========

  2023-01-20 00:29:57 INFO  Menu:25 - Press 1 to Register 
  2023-01-20 00:29:57 INFO  Menu:26 - Press 2 for Login 
  2023-01-20 00:42:17 INFO  Menu:24 - ==========Welcome Admin==========

  2023-01-20 00:42:17 INFO  Menu:25 - Press 1 to Register 
  2023-01-20 00:42:17 INFO  Menu:26 - Press 2 for Login 
  2023-01-20 07:39:56 INFO  Menu:24 - ==========Welcome Admin==========

  2023-01-20 07:39:56 INFO  Menu:25 - Press 1 to Register 
  2023-01-20 07:39:56 INFO  Menu:26 - Press 2 for Login 
  2023-01-20 07:40:15 INFO  Menu:59 - Enter name: 
  2023-01-20 07:40:20 INFO  Menu:61 - Enter password: 
  2023-01-20 07:40:24 INFO  Menu:78 - Login Successful!!
  2023-01-20 07:40:24 INFO  Menu:16 - ************WELECOME TO PIZZA STORE**************
  2023-01-20 07:40:24 INFO  Menu:17 - Press 1 to insert receptionist details:-
  2023-01-20 07:40:24 INFO  Menu:18 - Press 2 to update receptionist details:-
  2023-01-20 07:40:24 INFO  Menu:19 - Press 3 to delete receptionist details:-
  2023-01-20 07:40:24 INFO  Menu:20 - Press 4 to get receptionist details:-
  2023-01-20 07:40:53 INFO  Menu:94 - Enter the name of receptionist:-
  2023-01-20 07:40:58 INFO  Menu:96 - Enter the contact no of receptionist:-
  2023-01-20 07:41:00 INFO  Menu:98 - Enter the designation of receptionist:-
  2023-01-20 07:41:03 INFO  Menu:100 - Enter the gender of receptionist:-
  2023-01-20 07:41:04 INFO  Menu:102 - Enter the address of the receptionist:-
  2023-01-20 07:41:05 INFO  Menu:104 - Enter the shift timing of receptionist:-
  2023-01-20 07:41:06 INFO  Menu:111 - Incorrect integer value: 'kjdv' for column 'Contact_no' at row 1
  2023-01-20 07:41:06 INFO  Menu:33 - To continue press Y otherwise press N
  2023-01-20 07:41:48 INFO  Menu:24 - ==========Welcome Admin==========

  2023-01-20 07:41:48 INFO  Menu:25 - Press 1 to Register 
  2023-01-20 07:41:48 INFO  Menu:26 - Press 2 for Login 
  2023-01-20 08:21:22 INFO  Menu:59 - Enter name: 
  2023-01-20 08:21:26 INFO  Menu:61 - Enter password: 
  2023-01-20 08:21:29 INFO  Menu:78 - Login Successful!!
  2023-01-20 08:21:29 INFO  Menu:16 - ************WELECOME TO PIZZA STORE**************
  2023-01-20 08:21:29 INFO  Menu:17 - Press 1 to insert receptionist details:-
  2023-01-20 08:21:29 INFO  Menu:18 - Press 2 to update receptionist details:-
  2023-01-20 08:21:29 INFO  Menu:19 - Press 3 to delete receptionist details:-
  2023-01-20 08:21:29 INFO  Menu:20 - Press 4 to get receptionist details:-
  2023-01-20 08:21:33 INFO  ReceptionistDaoImpl:50 - 1--Akshay Kadam--Counter_receptionist--Male--MORNING 09:00AM-06:00PM--9122546582--Raigad
  2023-01-20 08:21:33 INFO  Menu:33 - To continue press Y otherwise press N
  2023-01-20 08:21:36 INFO  Menu:16 - ************WELECOME TO PIZZA STORE**************
  2023-01-20 08:21:36 INFO  Menu:17 - Press 1 to insert receptionist details:-
  2023-01-20 08:21:36 INFO  Menu:18 - Press 2 to update receptionist details:-
  2023-01-20 08:21:36 INFO  Menu:19 - Press 3 to delete receptionist details:-
  2023-01-20 08:21:36 INFO  Menu:20 - Press 4 to get receptionist details:-
  2023-01-20 08:21:37 INFO  Menu:94 - Enter the name of receptionist:-
  2023-01-20 08:22:25 INFO  Menu:96 - Enter the contact no of receptionist:-
  2023-01-20 08:22:28 INFO  Menu:98 - Enter the designation of receptionist:-
  2023-01-20 08:22:45 INFO  Menu:100 - Enter the gender of receptionist:-
  2023-01-20 08:22:52 INFO  Menu:102 - Enter the address of the receptionist:-
  2023-01-20 08:22:59 INFO  Menu:104 - Enter the shift timing of receptionist:-
  2023-01-20 08:23:39 INFO  Menu:108 - Data stored succesffuly
  2023-01-20 08:23:39 INFO  Menu:33 - To continue press Y otherwise press N
  2023-01-20 08:23:42 INFO  Menu:16 - ************WELECOME TO PIZZA STORE**************
  2023-01-20 08:23:42 INFO  Menu:17 - Press 1 to insert receptionist details:-
  2023-01-20 08:23:42 INFO  Menu:18 - Press 2 to update receptionist details:-
  2023-01-20 08:23:42 INFO  Menu:19 - Press 3 to delete receptionist details:-
  2023-01-20 08:23:42 INFO  Menu:20 - Press 4 to get receptionist details:-
  2023-01-20 08:23:52 INFO  ReceptionistDaoImpl:50 - 1--Akshay Kadam--Counter_receptionist--Male--MORNING 09:00AM-06:00PM--9122546582--Raigad
  2023-01-20 08:23:52 INFO  ReceptionistDaoImpl:50 - 3--Roshan--Office Manager--Male--MOR 09:00AM-06:00PM--65468956453--Nepal
  2023-01-20 08:23:52 INFO  Menu:33 - To continue press Y otherwise press N
  2023-01-20 08:50:47 INFO  Menu:24 - ==========Welcome Admin==========

  2023-01-20 08:50:47 INFO  Menu:24 - ==========Welcome Admin==========

  2023-01-20 08:50:47 INFO  Menu:25 - Press 1 to Register 
  2023-01-20 08:50:47 INFO  Menu:25 - Press 1 to Register 
  2023-01-20 08:50:47 INFO  Menu:26 - Press 2 for Login 
  2023-01-20 08:50:47 INFO  Menu:26 - Press 2 for Login 
  2023-01-20 17:02:36 INFO  Menu:24 - ==========Welcome Admin==========

  2023-01-20 17:02:36 INFO  Menu:25 - Press 1 to Register 
  2023-01-20 17:02:36 INFO  Menu:26 - Press 2 for Login 
  2023-01-20 17:02:41 INFO  Menu:31 - ======Admin Registration page=======
  2023-01-20 17:02:41 INFO  Menu:32 - Enter Name : 
  2023-01-20 17:02:50 INFO  Menu:34 - Enter Email : 
  2023-01-20 17:03:01 INFO  Menu:36 - Enter the Phone no. : 
  2023-01-20 17:03:05 INFO  Menu:38 - Enter the date of birth : 
  2023-01-20 17:03:25 INFO  Menu:40 - Enter password : 
  2023-01-20 17:03:30 INFO  Menu:55 - Registered Sucessfully

  2023-01-20 17:03:30 INFO  Menu:24 - ==========Welcome Admin==========

  2023-01-20 17:03:30 INFO  Menu:25 - Press 1 to Register 
  2023-01-20 17:03:30 INFO  Menu:26 - Press 2 for Login 
  2023-01-20 17:07:52 INFO  Menu:24 - ==========Welcome Admin==========

  2023-01-20 17:07:52 INFO  Menu:25 - Press 1 to Register 
  2023-01-20 17:07:52 INFO  Menu:26 - Press 2 for Login 
  2023-01-20 17:07:58 INFO  Menu:31 - ======Admin Registration page=======
  2023-01-20 17:07:58 INFO  Menu:32 - Enter Name : 
  2023-01-20 17:08:03 INFO  Menu:34 - Enter Email : 
  2023-01-20 17:08:15 INFO  Menu:36 - Enter the Phone no. : 
  2023-01-20 17:08:21 INFO  Menu:38 - Enter the date of birth : 
  2023-01-20 17:08:29 INFO  Menu:40 - Enter password : 
  2023-01-20 17:08:42 INFO  Menu:56 - Registered Sucessfully

  2023-01-20 17:08:42 INFO  Menu:24 - ==========Welcome Admin==========

  2023-01-20 17:08:42 INFO  Menu:25 - Press 1 to Register 
  2023-01-20 17:08:42 INFO  Menu:26 - Press 2 for Login 
  2023-01-20 17:11:47 INFO  Menu:24 - ==========Welcome Admin==========

  2023-01-20 17:11:47 INFO  Menu:25 - Press 1 to Register 
  2023-01-20 17:11:47 INFO  Menu:26 - Press 2 for Login 
  2023-01-20 17:11:55 INFO  Menu:31 - ======Admin Registration page=======
  2023-01-20 17:11:55 INFO  Menu:32 - Enter Name : 
  2023-01-20 17:12:10 INFO  Menu:34 - Enter Email : 
  2023-01-20 17:12:17 INFO  Menu:36 - Enter the Phone no. : 
  2023-01-20 17:12:22 INFO  Menu:38 - Enter the date of birth : 
  2023-01-20 17:12:31 INFO  Menu:40 - Enter password : 
  2023-01-20 17:12:43 INFO  Menu:55 - Registered Sucessfully

  2023-01-20 17:12:43 INFO  Menu:24 - ==========Welcome Admin==========

  2023-01-20 17:12:43 INFO  Menu:25 - Press 1 to Register 
  2023-01-20 17:12:43 INFO  Menu:26 - Press 2 for Login 
  2023-01-20 17:12:47 INFO  Menu:59 - Enter name: 
  2023-01-20 17:12:52 INFO  Menu:61 - Enter password: 
  2023-01-20 17:12:57 INFO  Menu:76 - Login Unsuccessful!!
  2023-01-20 17:12:57 INFO  Menu:24 - ==========Welcome Admin==========

  2023-01-20 17:12:57 INFO  Menu:25 - Press 1 to Register 
  2023-01-20 17:12:57 INFO  Menu:26 - Press 2 for Login 
  2023-01-20 17:13:06 INFO  Menu:59 - Enter name: 
  2023-01-20 17:13:10 INFO  Menu:61 - Enter password: 
  2023-01-20 17:13:16 INFO  Menu:76 - Login Unsuccessful!!
  2023-01-20 17:13:16 INFO  Menu:24 - ==========Welcome Admin==========

  2023-01-20 17:13:16 INFO  Menu:25 - Press 1 to Register 
  2023-01-20 17:13:16 INFO  Menu:26 - Press 2 for Login 
  2023-01-20 17:16:33 INFO  Menu:24 - ==========Welcome Admin==========

  2023-01-20 17:16:33 INFO  Menu:25 - Press 1 to Register 
  2023-01-20 17:16:33 INFO  Menu:26 - Press 2 for Login 
  2023-01-20 17:16:37 INFO  Menu:31 - ======Admin Registration page=======
  2023-01-20 17:16:37 INFO  Menu:32 - Enter Name : 
  2023-01-20 17:16:43 INFO  Menu:34 - Enter Email : 
  2023-01-20 17:16:54 INFO  Menu:36 - Enter the Phone no. : 
  2023-01-20 17:16:56 INFO  Menu:38 - Enter the date of birth : 
  2023-01-20 17:17:03 INFO  Menu:40 - Enter password : 
  2023-01-20 17:17:09 INFO  Menu:55 - Registered Sucessfully

  2023-01-20 17:17:09 INFO  Menu:24 - ==========Welcome Admin==========

  2023-01-20 17:17:09 INFO  Menu:25 - Press 1 to Register 
  2023-01-20 17:17:09 INFO  Menu:26 - Press 2 for Login 
  2023-01-20 17:21:10 INFO  Menu:24 - ==========Welcome Admin==========

  2023-01-20 17:21:10 INFO  Menu:25 - Press 1 to Register 
  2023-01-20 17:21:10 INFO  Menu:26 - Press 2 for Login 
  2023-01-20 17:21:13 INFO  Menu:31 - ======Admin Registration page=======
  2023-01-20 17:21:13 INFO  Menu:32 - Enter Name : 
  2023-01-20 17:21:18 INFO  Menu:34 - Enter Email : 
  2023-01-20 17:21:23 INFO  Menu:36 - Enter the Phone no. : 
  2023-01-20 17:21:25 INFO  Menu:38 - Enter the date of birth : 
  2023-01-20 17:21:32 INFO  Menu:40 - Enter password : 
  2023-01-20 17:21:36 INFO  Menu:55 - Registered Sucessfully

  2023-01-20 17:21:36 INFO  Menu:24 - ==========Welcome Admin==========

  2023-01-20 17:21:36 INFO  Menu:25 - Press 1 to Register 
  2023-01-20 17:21:36 INFO  Menu:26 - Press 2 for Login 
  2023-01-20 17:21:38 INFO  Menu:58 - Enter name: 
  2023-01-20 17:21:50 INFO  Menu:60 - Enter password: 
  2023-01-20 17:21:54 INFO  Menu:77 - Login Successful!!
  2023-01-20 17:21:54 INFO  Menu:16 - ************WELECOME TO PIZZA STORE**************
  2023-01-20 17:21:54 INFO  Menu:17 - Press 1 to insert receptionist details:-
  2023-01-20 17:21:54 INFO  Menu:18 - Press 2 to update receptionist details:-
  2023-01-20 17:21:54 INFO  Menu:19 - Press 3 to delete receptionist details:-
  2023-01-20 17:21:54 INFO  Menu:20 - Press 4 to get receptionist details:-
  2023-01-20 17:21:58 INFO  Menu:94 - Enter the name of receptionist:-
  2023-01-20 17:22:06 INFO  Menu:24 - ==========Welcome Admin==========

  2023-01-20 17:22:06 INFO  Menu:25 - Press 1 to Register 
  2023-01-20 17:22:06 INFO  Menu:26 - Press 2 for Login 
  2023-01-20 17:22:08 INFO  Menu:58 - Enter name: 
  2023-01-20 17:22:11 INFO  Menu:60 - Enter password: 
  2023-01-20 17:22:12 INFO  Menu:75 - Login Unsuccessful!!
  2023-01-20 17:22:12 INFO  Menu:24 - ==========Welcome Admin==========

  2023-01-20 17:22:12 INFO  Menu:25 - Press 1 to Register 
  2023-01-20 17:22:12 INFO  Menu:26 - Press 2 for Login 
  2023-01-20 17:22:20 INFO  Menu:58 - Enter name: 
  2023-01-20 17:22:23 INFO  Menu:60 - Enter password: 
  2023-01-20 17:22:24 INFO  Menu:77 - Login Successful!!
  2023-01-20 17:22:24 INFO  Menu:16 - ************WELECOME TO PIZZA STORE**************
  2023-01-20 17:22:24 INFO  Menu:17 - Press 1 to insert receptionist details:-
  2023-01-20 17:22:24 INFO  Menu:18 - Press 2 to update receptionist details:-
  2023-01-20 17:22:24 INFO  Menu:19 - Press 3 to delete receptionist details:-
  2023-01-20 17:22:24 INFO  Menu:20 - Press 4 to get receptionist details:-
  2023-01-20 17:22:27 INFO  Menu:94 - Enter the name of receptionist:-
  2023-01-20 17:22:41 INFO  Menu:96 - Enter the contact no of receptionist:-
  2023-01-20 17:22:53 INFO  Menu:98 - Enter the designation of receptionist:-
  2023-01-20 17:23:07 INFO  Menu:100 - Enter the gender of receptionist:-
  2023-01-20 17:23:09 INFO  Menu:102 - Enter the address of the receptionist:-
  2023-01-20 17:23:14 INFO  Menu:104 - Enter the shift timing of receptionist:-
  2023-01-20 17:23:18 INFO  Menu:111 - Field 'admin_id' doesn't have a default value
  2023-01-20 17:23:18 INFO  Menu:33 - To continue press Y otherwise press N
  2023-01-20 17:32:42 INFO  Menu:24 - ==========Welcome Admin==========

  2023-01-20 17:32:42 INFO  Menu:25 - Press 1 to Register 
  2023-01-20 17:32:42 INFO  Menu:26 - Press 2 for Login 
  2023-01-20 17:32:52 INFO  Menu:58 - Enter name: 
  2023-01-20 17:32:55 INFO  Menu:60 - Enter password: 
  2023-01-20 17:32:57 INFO  Menu:77 - Login Successful!!
  2023-01-20 17:32:57 INFO  Menu:16 - ************WELECOME TO PIZZA STORE**************
  2023-01-20 17:32:57 INFO  Menu:17 - Press 1 to insert receptionist details:-
  2023-01-20 17:32:57 INFO  Menu:18 - Press 2 to update receptionist details:-
  2023-01-20 17:32:57 INFO  Menu:19 - Press 3 to delete receptionist details:-
  2023-01-20 17:32:57 INFO  Menu:20 - Press 4 to get receptionist details:-
  2023-01-20 17:32:59 INFO  Menu:94 - Enter the name of receptionist:-
  2023-01-20 17:33:05 INFO  Menu:96 - Enter the contact no of receptionist:-
  2023-01-20 17:33:08 INFO  Menu:98 - Enter the designation of receptionist:-
  2023-01-20 17:33:11 INFO  Menu:100 - Enter the gender of receptionist:-
  2023-01-20 17:33:15 INFO  Menu:102 - Enter the address of the receptionist:-
  2023-01-20 17:33:16 INFO  Menu:104 - Enter the shift timing of receptionist:-
  2023-01-20 17:33:20 INFO  Menu:111 - Field 'admin_id' doesn't have a default value
  2023-01-20 17:33:20 INFO  Menu:33 - To continue press Y otherwise press N
  2023-01-20 17:40:59 INFO  Menu:24 - ==========Welcome Admin==========

  2023-01-20 17:40:59 INFO  Menu:25 - Press 1 to Register 
  2023-01-20 17:40:59 INFO  Menu:26 - Press 2 for Login 
  2023-01-20 17:41:03 INFO  Menu:58 - Enter name: 
  2023-01-20 17:41:06 INFO  Menu:60 - Enter password: 
  2023-01-20 17:41:08 INFO  Menu:77 - Login Successful!!
  2023-01-20 17:41:08 INFO  Menu:16 - ************WELECOME TO PIZZA STORE**************
  2023-01-20 17:41:08 INFO  Menu:17 - Press 1 to insert receptionist details:-
  2023-01-20 17:41:08 INFO  Menu:18 - Press 2 to update receptionist details:-
  2023-01-20 17:41:08 INFO  Menu:19 - Press 3 to delete receptionist details:-
  2023-01-20 17:41:08 INFO  Menu:20 - Press 4 to get receptionist details:-
  2023-01-20 17:41:12 INFO  Menu:94 - Enter the name of receptionist:-
  2023-01-20 17:41:15 INFO  Menu:96 - Enter the contact no of receptionist:-
  2023-01-20 17:41:22 INFO  Menu:98 - Enter the designation of receptionist:-
  2023-01-20 17:41:30 INFO  Menu:100 - Enter the gender of receptionist:-
  2023-01-20 17:41:33 INFO  Menu:102 - Enter the address of the receptionist:-
  2023-01-20 17:41:38 INFO  Menu:104 - Enter the shift timing of receptionist:-
  2023-01-20 17:41:41 INFO  Menu:108 - Data stored succesffuly
  2023-01-20 17:41:41 INFO  Menu:33 - To continue press Y otherwise press N
  2023-01-20 17:41:44 INFO  Menu:16 - ************WELECOME TO PIZZA STORE**************
  2023-01-20 17:41:44 INFO  Menu:17 - Press 1 to insert receptionist details:-
  2023-01-20 17:41:44 INFO  Menu:18 - Press 2 to update receptionist details:-
  2023-01-20 17:41:44 INFO  Menu:19 - Press 3 to delete receptionist details:-
  2023-01-20 17:41:44 INFO  Menu:20 - Press 4 to get receptionist details:-
  2023-01-20 17:41:47 INFO  ReceptionistDaoImpl:50 - 1--Deepak--counter--male--9-5--86534--mp
  2023-01-20 17:41:47 INFO  Menu:33 - To continue press Y otherwise press N
  2023-01-20 17:42:02 INFO  Menu:24 - ==========Welcome Admin==========

  2023-01-20 17:42:02 INFO  Menu:25 - Press 1 to Register 
  2023-01-20 17:42:02 INFO  Menu:26 - Press 2 for Login 
  2023-01-20 17:43:18 INFO  Menu:58 - Enter name: 
  2023-01-20 17:43:21 INFO  Menu:60 - Enter password: 
  2023-01-20 17:43:23 INFO  Menu:77 - Login Successful!!
  2023-01-20 17:43:23 INFO  Menu:16 - ************WELECOME TO PIZZA STORE**************
  2023-01-20 17:43:23 INFO  Menu:17 - Press 1 to insert receptionist details:-
  2023-01-20 17:43:23 INFO  Menu:18 - Press 2 to update receptionist details:-
  2023-01-20 17:43:23 INFO  Menu:19 - Press 3 to delete receptionist details:-
  2023-01-20 17:43:23 INFO  Menu:20 - Press 4 to get receptionist details:-
  2023-01-20 17:43:25 INFO  Menu:94 - Enter the name of receptionist:-
  2023-01-20 17:43:29 INFO  Menu:96 - Enter the contact no of receptionist:-
  2023-01-20 17:43:32 INFO  Menu:98 - Enter the designation of receptionist:-
  2023-01-20 17:43:34 INFO  Menu:100 - Enter the gender of receptionist:-
  2023-01-20 17:43:35 INFO  Menu:102 - Enter the address of the receptionist:-
  2023-01-20 17:43:37 INFO  Menu:104 - Enter the shift timing of receptionist:-
  2023-01-20 17:43:40 INFO  Menu:108 - Data stored succesffuly
  2023-01-20 17:43:40 INFO  Menu:33 - To continue press Y otherwise press N
  2023-01-20 17:44:02 INFO  Menu:16 - ************WELECOME TO PIZZA STORE**************
  2023-01-20 17:44:02 INFO  Menu:17 - Press 1 to insert receptionist details:-
  2023-01-20 17:44:02 INFO  Menu:18 - Press 2 to update receptionist details:-
  2023-01-20 17:44:02 INFO  Menu:19 - Press 3 to delete receptionist details:-
  2023-01-20 17:44:02 INFO  Menu:20 - Press 4 to get receptionist details:-
  2023-01-20 17:44:07 INFO  ReceptionistDaoImpl:50 - 1--Akshay Kadam--Counter_receptionist--Male--MORNING 09:00AM-06:00PM--9122546582--kopargaon
  2023-01-20 17:44:07 INFO  ReceptionistDaoImpl:50 - 2--fghdvf--kjchn--kjfx,cnv--9-6--6534--kjfdnc
  2023-01-20 17:44:07 INFO  Menu:33 - To continue press Y otherwise press N
  2023-01-20 17:44:10 INFO  Menu:16 - ************WELECOME TO PIZZA STORE**************
  2023-01-20 17:44:10 INFO  Menu:17 - Press 1 to insert receptionist details:-
  2023-01-20 17:44:10 INFO  Menu:18 - Press 2 to update receptionist details:-
  2023-01-20 17:44:10 INFO  Menu:19 - Press 3 to delete receptionist details:-
  2023-01-20 17:44:10 INFO  Menu:20 - Press 4 to get receptionist details:-
  2023-01-20 17:44:12 INFO  ReceptionistDaoImpl:50 - 1--Akshay Kadam--Counter_receptionist--Male--MORNING 09:00AM-06:00PM--9122546582--kopargaon
  2023-01-20 17:44:12 INFO  ReceptionistDaoImpl:50 - 2--fghdvf--kjchn--kjfx,cnv--9-6--6534--kjfdnc
  2023-01-20 17:44:12 INFO  Menu:55 - Enter the receptionist id
  2023-01-20 17:44:17 INFO  ReceptionistDaoImpl:83 - Press 1: update Receptionist Name
  2023-01-20 17:44:17 INFO  ReceptionistDaoImpl:84 - Press 2: update Designation )
  2023-01-20 17:44:17 INFO  ReceptionistDaoImpl:85 - Press 3: update Receptionist Gender
  2023-01-20 17:44:17 INFO  ReceptionistDaoImpl:86 - Press 4: update Receptionist shift timing
  2023-01-20 17:44:17 INFO  ReceptionistDaoImpl:87 - Press 5: update Receptionist Contact number
  2023-01-20 17:44:17 INFO  ReceptionistDaoImpl:88 - Press 6: update Receptionist Address
  2023-01-20 17:44:27 INFO  ReceptionistDaoImpl:138 - Enter Receptionist Shift Time
  2023-01-20 17:44:31 INFO  ReceptionistDaoImpl:149 - updated successfully
  2023-01-20 17:44:31 INFO  Menu:33 - To continue press Y otherwise press N
  2023-01-20 17:44:34 INFO  Menu:16 - ************WELECOME TO PIZZA STORE**************
  2023-01-20 17:44:34 INFO  Menu:17 - Press 1 to insert receptionist details:-
  2023-01-20 17:44:34 INFO  Menu:18 - Press 2 to update receptionist details:-
  2023-01-20 17:44:34 INFO  Menu:19 - Press 3 to delete receptionist details:-
  2023-01-20 17:44:34 INFO  Menu:20 - Press 4 to get receptionist details:-
  2023-01-20 17:44:36 INFO  ReceptionistDaoImpl:50 - 1--Akshay Kadam--Counter_receptionist--Male--MORNING 09:00AM-06:00PM--9122546582--kopargaon
  2023-01-20 17:44:36 INFO  ReceptionistDaoImpl:50 - 2--fghdvf--kjchn--kjfx,cnv--8-5--6534--kjfdnc
  2023-01-20 17:44:36 INFO  Menu:33 - To continue press Y otherwise press N
  2023-01-20 17:44:41 INFO  Menu:16 - ************WELECOME TO PIZZA STORE**************
  2023-01-20 17:44:41 INFO  Menu:17 - Press 1 to insert receptionist details:-
  2023-01-20 17:44:41 INFO  Menu:18 - Press 2 to update receptionist details:-
  2023-01-20 17:44:41 INFO  Menu:19 - Press 3 to delete receptionist details:-
  2023-01-20 17:44:41 INFO  Menu:20 - Press 4 to get receptionist details:-
  2023-01-20 17:44:43 INFO  ReceptionistDaoImpl:50 - 1--Akshay Kadam--Counter_receptionist--Male--MORNING 09:00AM-06:00PM--9122546582--kopargaon
  2023-01-20 17:44:43 INFO  ReceptionistDaoImpl:50 - 2--fghdvf--kjchn--kjfx,cnv--8-5--6534--kjfdnc
  2023-01-20 17:44:43 INFO  Menu:69 - Enter the receptionist id from the above list
  2023-01-20 17:44:47 INFO  Menu:74 - Deleted succesfully
  2023-01-20 17:44:47 INFO  Menu:33 - To continue press Y otherwise press N
  2023-01-20 17:44:51 INFO  Menu:16 - ************WELECOME TO PIZZA STORE**************
  2023-01-20 17:44:51 INFO  Menu:17 - Press 1 to insert receptionist details:-
  2023-01-20 17:44:51 INFO  Menu:18 - Press 2 to update receptionist details:-
  2023-01-20 17:44:51 INFO  Menu:19 - Press 3 to delete receptionist details:-
  2023-01-20 17:44:51 INFO  Menu:20 - Press 4 to get receptionist details:-
  2023-01-20 17:44:53 INFO  ReceptionistDaoImpl:50 - 1--Akshay Kadam--Counter_receptionist--Male--MORNING 09:00AM-06:00PM--9122546582--kopargaon
  2023-01-20 17:44:53 INFO  Menu:33 - To continue press Y otherwise press N
  2023-01-20 17:51:47 INFO  Menu:24 - ==========Welcome Admin==========

  2023-01-20 17:51:47 INFO  Menu:25 - Press 1 to Register 
  2023-01-20 17:51:47 INFO  Menu:26 - Press 2 for Login 
  2023-01-20 17:51:52 INFO  Menu:58 - Enter name: 
  2023-01-20 17:51:55 INFO  Menu:60 - Enter password: 
  2023-01-20 17:52:00 INFO  Menu:77 - Login Successful!!
  2023-01-20 17:52:00 INFO  Menu:16 - ************WELECOME TO PIZZA STORE**************
  2023-01-20 17:52:00 INFO  Menu:17 - Press 1 to insert receptionist details:-
  2023-01-20 17:52:00 INFO  Menu:18 - Press 2 to update receptionist details:-
  2023-01-20 17:52:00 INFO  Menu:19 - Press 3 to delete receptionist details:-
  2023-01-20 17:52:00 INFO  Menu:20 - Press 4 to get receptionist details:-
  2023-01-20 17:52:05 INFO  Menu:24 - ==========Welcome Admin==========

  2023-01-20 17:52:05 INFO  Menu:25 - Press 1 to Register 
  2023-01-20 17:52:05 INFO  Menu:26 - Press 2 for Login 
  2023-01-20 17:52:42 INFO  Menu:24 - ==========Welcome Admin==========

  2023-01-20 17:52:42 INFO  Menu:25 - Press 1 to Register 
  2023-01-20 17:52:42 INFO  Menu:26 - Press 2 for Login 
  2023-01-20 17:52:44 INFO  Menu:58 - Enter name: 
  2023-01-20 17:52:46 INFO  Menu:60 - Enter password: 
  2023-01-20 17:52:49 INFO  Menu:77 - Login Successful!!
  2023-01-20 17:52:49 INFO  Menu:16 - ************WELECOME TO PIZZA STORE**************
  2023-01-20 17:52:49 INFO  Menu:17 - Press 1 to insert receptionist details:-
  2023-01-20 17:52:49 INFO  Menu:18 - Press 2 to update receptionist details:-
  2023-01-20 17:52:49 INFO  Menu:19 - Press 3 to delete receptionist details:-
  2023-01-20 17:52:49 INFO  Menu:20 - Press 4 to get receptionist details:-
  2023-01-20 17:52:52 INFO  Menu:16 - ************WELECOME TO PIZZA STORE**************
  2023-01-20 17:52:52 INFO  Menu:17 - Press 1 to insert receptionist details:-
  2023-01-20 17:52:52 INFO  Menu:18 - Press 2 to update receptionist details:-
  2023-01-20 17:52:52 INFO  Menu:19 - Press 3 to delete receptionist details:-
  2023-01-20 17:52:52 INFO  Menu:20 - Press 4 to get receptionist details:-
  2023-01-20 19:00:20 INFO  Menu:24 - ==========Welcome Admin==========

  2023-01-20 19:00:20 INFO  Menu:25 - Press 1 to Register 
  2023-01-20 19:00:20 INFO  Menu:26 - Press 2 for Login 
  2023-01-20 19:00:35 INFO  Menu:24 - ==========Welcome Admin==========

  2023-01-20 19:00:35 INFO  Menu:25 - Press 1 to Register 
  2023-01-20 19:00:35 INFO  Menu:26 - Press 2 for Login 
  2023-01-20 19:00:40 INFO  Menu:31 - ======Admin Registration page=======
  2023-01-20 19:00:40 INFO  Menu:32 - Enter Name : 
  2023-01-20 19:00:52 INFO  Menu:24 - ==========Welcome Admin==========

  2023-01-20 19:00:52 INFO  Menu:25 - Press 1 to Register 
  2023-01-20 19:00:52 INFO  Menu:26 - Press 2 for Login 
  2023-01-20 19:01:02 INFO  Menu:58 - Enter name: 
  2023-01-20 19:01:09 INFO  Menu:60 - Enter password: 
  2023-01-20 19:01:12 INFO  Menu:77 - Login Successful!!
  2023-01-20 19:01:12 INFO  Menu:16 - ************WELECOME TO PIZZA STORE**************
  2023-01-20 19:01:12 INFO  Menu:17 - Press 1 to insert receptionist details:-
  2023-01-20 19:01:12 INFO  Menu:18 - Press 2 to update receptionist details:-
  2023-01-20 19:01:12 INFO  Menu:19 - Press 3 to delete receptionist details:-
  2023-01-20 19:01:12 INFO  Menu:20 - Press 4 to get receptionist details:-
  2023-01-20 19:02:43 INFO  Menu:89 - Enter the name of receptionist:-
  2023-01-20 19:02:46 INFO  Menu:91 - Enter the contact no of receptionist:-
  2023-01-20 19:02:48 INFO  Menu:93 - Enter the designation of receptionist:-
  2023-01-20 19:02:49 INFO  Menu:95 - Enter the gender of receptionist:-
  2023-01-20 19:02:51 INFO  Menu:97 - Enter the address of the receptionist:-
  2023-01-20 19:02:52 INFO  Menu:99 - Enter the shift timing of receptionist:-
  2023-01-20 19:02:54 INFO  Menu:103 - Data stored succesffuly
  2023-01-20 19:02:54 INFO  Menu:28 - To continue press Y otherwise press N
  2023-01-20 19:02:56 INFO  Menu:16 - ************WELECOME TO PIZZA STORE**************
  2023-01-20 19:02:56 INFO  Menu:17 - Press 1 to insert receptionist details:-
  2023-01-20 19:02:56 INFO  Menu:18 - Press 2 to update receptionist details:-
  2023-01-20 19:02:56 INFO  Menu:19 - Press 3 to delete receptionist details:-
  2023-01-20 19:02:56 INFO  Menu:20 - Press 4 to get receptionist details:-
  2023-01-20 19:03:08 INFO  ReceptionistDaoImpl:50 - 1--Akshay Kadam--Counter_receptionist--Male--MORNING 09:00AM-06:00PM--9122546582--kopargaon
  2023-01-20 19:03:08 INFO  ReceptionistDaoImpl:50 - 3--jdfhghdb--jksdmcn--ksjd,--iodnc--635461--kjsdn
  2023-01-20 19:03:08 INFO  Menu:50 - Enter the receptionist id
  2023-01-20 19:03:12 INFO  ReceptionistDaoImpl:83 - Press 1: update Receptionist Name
  2023-01-20 19:03:12 INFO  ReceptionistDaoImpl:84 - Press 2: update Designation 
  2023-01-20 19:03:12 INFO  ReceptionistDaoImpl:85 - Press 3: update Receptionist Gender
  2023-01-20 19:03:12 INFO  ReceptionistDaoImpl:86 - Press 4: update Receptionist shift timing
  2023-01-20 19:03:12 INFO  ReceptionistDaoImpl:87 - Press 5: update Receptionist Contact number
  2023-01-20 19:03:12 INFO  ReceptionistDaoImpl:88 - Press 6: update Receptionist Address
  2023-01-20 19:03:15 INFO  ReceptionistDaoImpl:138 - Enter Receptionist Shift Time
  2023-01-20 19:03:16 INFO  ReceptionistDaoImpl:149 - updated successfully
  2023-01-20 19:03:16 INFO  Menu:28 - To continue press Y otherwise press N
  2023-01-20 19:03:20 INFO  Menu:16 - ************WELECOME TO PIZZA STORE**************
  2023-01-20 19:03:20 INFO  Menu:17 - Press 1 to insert receptionist details:-
  2023-01-20 19:03:20 INFO  Menu:18 - Press 2 to update receptionist details:-
  2023-01-20 19:03:20 INFO  Menu:19 - Press 3 to delete receptionist details:-
  2023-01-20 19:03:20 INFO  Menu:20 - Press 4 to get receptionist details:-
  2023-01-20 19:03:20 INFO  ReceptionistDaoImpl:50 - 1--Akshay Kadam--Counter_receptionist--Male--MORNING 09:00AM-06:00PM--9122546582--kopargaon
  2023-01-20 19:03:20 INFO  ReceptionistDaoImpl:50 - 3--jdfhghdb--jksdmcn--ksjd,--klj--635461--kjsdn
  2023-01-20 19:03:20 INFO  Menu:28 - To continue press Y otherwise press N
  2023-01-20 19:03:28 INFO  Menu:16 - ************WELECOME TO PIZZA STORE**************
  2023-01-20 19:03:28 INFO  Menu:17 - Press 1 to insert receptionist details:-
  2023-01-20 19:03:28 INFO  Menu:18 - Press 2 to update receptionist details:-
  2023-01-20 19:03:28 INFO  Menu:19 - Press 3 to delete receptionist details:-
  2023-01-20 19:03:28 INFO  Menu:20 - Press 4 to get receptionist details:-
  2023-01-20 19:03:30 INFO  ReceptionistDaoImpl:50 - 1--Akshay Kadam--Counter_receptionist--Male--MORNING 09:00AM-06:00PM--9122546582--kopargaon
  2023-01-20 19:03:30 INFO  ReceptionistDaoImpl:50 - 3--jdfhghdb--jksdmcn--ksjd,--klj--635461--kjsdn
  2023-01-20 19:03:30 INFO  Menu:64 - Enter the receptionist id from the above list
  2023-01-20 19:03:33 INFO  Menu:69 - Deleted succesfully
  2023-01-20 19:03:33 INFO  Menu:28 - To continue press Y otherwise press N
  2023-01-20 19:04:49 INFO  Menu:24 - ==========Welcome Admin==========

  2023-01-20 19:04:49 INFO  Menu:25 - Press 1 to Register 
  2023-01-20 19:04:49 INFO  Menu:26 - Press 2 for Login 
  2023-01-20 20:11:25 INFO  Menu:24 - ==========Welcome Admin==========

  2023-01-20 20:11:25 INFO  Menu:25 - Press 1 to Register 
  2023-01-20 20:11:25 INFO  Menu:26 - Press 2 for Login 
  2023-01-20 20:11:38 INFO  Menu:31 - ======Admin Registration page=======
  2023-01-20 20:11:38 INFO  Menu:32 - Enter Name : 
  2023-01-20 20:11:50 INFO  Menu:34 - Enter Email : 
  2023-01-20 20:12:06 INFO  Menu:36 - Enter the Phone no. : 
  2023-01-20 20:12:12 INFO  Menu:38 - Enter the date of birth : 
  2023-01-20 20:12:20 INFO  Menu:40 - Enter password : 
  2023-01-20 20:12:29 INFO  Menu:55 - Registered Sucessfully

  2023-01-20 20:12:29 INFO  Menu:24 - ==========Welcome Admin==========

  2023-01-20 20:12:29 INFO  Menu:25 - Press 1 to Register 
  2023-01-20 20:12:29 INFO  Menu:26 - Press 2 for Login 
  2023-01-20 20:13:01 INFO  Menu:58 - Enter name: 
  2023-01-20 20:13:10 INFO  Menu:60 - Enter password: 
  2023-01-20 20:13:14 INFO  Menu:77 - Login Successful!!
  2023-01-20 20:13:14 INFO  Menu:16 - ************WELECOME TO PIZZA STORE**************
  2023-01-20 20:13:14 INFO  Menu:17 - Press 1 to insert receptionist details:-
  2023-01-20 20:13:14 INFO  Menu:18 - Press 2 to update receptionist details:-
  2023-01-20 20:13:14 INFO  Menu:19 - Press 3 to delete receptionist details:-
  2023-01-20 20:13:14 INFO  Menu:20 - Press 4 to get receptionist details:-
  2023-01-20 20:16:48 INFO  Menu:89 - Enter the name of receptionist:-
  2023-01-20 20:16:59 INFO  Menu:91 - Enter the contact no of receptionist:-
  2023-01-20 20:17:04 INFO  Menu:93 - Enter the designation of receptionist:-
  2023-01-20 20:17:14 INFO  Menu:95 - Enter the gender of receptionist:-
  2023-01-20 20:17:20 INFO  Menu:97 - Enter the address of the receptionist:-
  2023-01-20 20:17:30 INFO  Menu:99 - Enter the shift timing of receptionist:-
  2023-01-20 20:17:54 INFO  Menu:103 - Data stored succesffuly
  2023-01-20 20:17:54 INFO  Menu:28 - To continue press Y otherwise press N
  2023-01-20 20:19:55 INFO  Menu:16 - ************WELECOME TO PIZZA STORE**************
  2023-01-20 20:19:55 INFO  Menu:17 - Press 1 to insert receptionist details:-
  2023-01-20 20:19:55 INFO  Menu:18 - Press 2 to update receptionist details:-
  2023-01-20 20:19:55 INFO  Menu:19 - Press 3 to delete receptionist details:-
  2023-01-20 20:19:55 INFO  Menu:20 - Press 4 to get receptionist details:-
  2023-01-20 20:20:32 INFO  ReceptionistDaoImpl:50 - 1--Akshay Kadam--Counter_receptionist--Male--MORNING 09:00AM-06:00PM--9122546582--kopargaon
  2023-01-20 20:20:32 INFO  ReceptionistDaoImpl:50 - 4--Jack--Counter Recept--male--MOR 09:00-05:00--145236987--usa
  2023-01-20 20:20:32 INFO  Menu:50 - Enter the receptionist id
  2023-01-20 20:22:19 INFO  ReceptionistDaoImpl:83 - Press 1: update Receptionist Name
  2023-01-20 20:22:19 INFO  ReceptionistDaoImpl:84 - Press 2: update Designation 
  2023-01-20 20:22:19 INFO  ReceptionistDaoImpl:85 - Press 3: update Receptionist Gender
  2023-01-20 20:22:19 INFO  ReceptionistDaoImpl:86 - Press 4: update Receptionist shift timing
  2023-01-20 20:22:19 INFO  ReceptionistDaoImpl:87 - Press 5: update Receptionist Contact number
  2023-01-20 20:22:19 INFO  ReceptionistDaoImpl:88 - Press 6: update Receptionist Address
  2023-01-20 20:22:38 INFO  ReceptionistDaoImpl:109 - Enter the Receptionist Designation
  2023-01-20 20:22:46 INFO  ReceptionistDaoImpl:121 - updated successfully
  2023-01-20 20:22:46 INFO  Menu:28 - To continue press Y otherwise press N
  2023-01-20 20:23:26 INFO  Menu:16 - ************WELECOME TO PIZZA STORE**************
  2023-01-20 20:23:26 INFO  Menu:17 - Press 1 to insert receptionist details:-
  2023-01-20 20:23:26 INFO  Menu:18 - Press 2 to update receptionist details:-
  2023-01-20 20:23:26 INFO  Menu:19 - Press 3 to delete receptionist details:-
  2023-01-20 20:23:26 INFO  Menu:20 - Press 4 to get receptionist details:-
  2023-01-20 20:23:31 INFO  ReceptionistDaoImpl:50 - 1--Akshay Kadam--Counter_receptionist--Male--MORNING 09:00AM-06:00PM--9122546582--kopargaon
  2023-01-20 20:23:31 INFO  ReceptionistDaoImpl:50 - 4--Jack--SENOIR RECPT--male--MOR 09:00-05:00--145236987--usa
  2023-01-20 20:23:31 INFO  Menu:64 - Enter the receptionist id from the above list
  2023-01-20 20:23:39 INFO  Menu:69 - Deleted succesfully
  2023-01-20 20:23:39 INFO  Menu:28 - To continue press Y otherwise press N
  2023-01-20 20:24:02 INFO  Menu:16 - ************WELECOME TO PIZZA STORE**************
  2023-01-20 20:24:02 INFO  Menu:17 - Press 1 to insert receptionist details:-
  2023-01-20 20:24:02 INFO  Menu:18 - Press 2 to update receptionist details:-
  2023-01-20 20:24:02 INFO  Menu:19 - Press 3 to delete receptionist details:-
  2023-01-20 20:24:02 INFO  Menu:20 - Press 4 to get receptionist details:-
  2023-01-20 20:24:05 INFO  ReceptionistDaoImpl:50 - 1--Akshay Kadam--Counter_receptionist--Male--MORNING 09:00AM-06:00PM--9122546582--kopargaon
  2023-01-20 20:24:05 INFO  Menu:28 - To continue press Y otherwise press N
  2023-01-20 21:02:32 INFO  Menu:24 - ==========Welcome Admin==========

  2023-01-20 21:02:32 INFO  Menu:25 - Press 1 to Register 
  2023-01-20 21:02:32 INFO  Menu:26 - Press 2 for Login 
  2023-01-20 21:02:43 INFO  Menu:31 - ======Admin Registration page=======
  2023-01-20 21:02:43 INFO  Menu:32 - Enter Name : 
  2023-01-20 21:02:50 INFO  Menu:24 - ==========Welcome Admin==========

  2023-01-20 21:02:50 INFO  Menu:25 - Press 1 to Register 
  2023-01-20 21:02:50 INFO  Menu:26 - Press 2 for Login 
  2023-01-20 21:27:20 INFO  Menu:31 - ======Admin Registration page=======
  2023-01-20 21:27:20 INFO  Menu:32 - Enter Name : 
  2023-01-20 21:27:29 INFO  Menu:34 - Enter Email : 
  2023-01-20 21:27:39 INFO  Menu:36 - Enter the Phone no. : 
  2023-01-20 21:28:15 INFO  Menu:24 - ==========Welcome Admin==========

  2023-01-20 21:28:15 INFO  Menu:25 - Press 1 to Register 
  2023-01-20 21:28:15 INFO  Menu:26 - Press 2 for Login 
  2023-01-20 21:28:20 INFO  Menu:31 - ======Admin Registration page=======
  2023-01-20 21:28:20 INFO  Menu:32 - Enter Name : 
  2023-01-20 21:28:21 INFO  Menu:34 - Enter Email : 
  2023-01-20 21:28:22 INFO  Menu:36 - Enter the Phone no. : 
  2023-01-20 21:28:24 INFO  Menu:38 - Enter the date of birth : 
  2023-01-20 21:28:26 INFO  Menu:40 - Enter password : 
  2023-01-20 21:28:30 INFO  Menu:24 - ==========Welcome Admin==========

  2023-01-20 21:28:30 INFO  Menu:25 - Press 1 to Register 
  2023-01-20 21:28:30 INFO  Menu:26 - Press 2 for Login 
  2023-01-20 21:40:59 INFO  Menu:24 - ==========Welcome Admin==========

  2023-01-20 21:40:59 INFO  Menu:25 - Press 1 to Register 
  2023-01-20 21:40:59 INFO  Menu:26 - Press 2 for Login 
  2023-01-20 21:41:03 INFO  Menu:31 - ======Admin Registration page=======
  2023-01-20 21:41:03 INFO  Menu:32 - Enter Name : 
  2023-01-20 21:41:11 INFO  Menu:34 - Enter Email : 
  2023-01-20 21:41:19 INFO  Menu:36 - Enter the Phone no. : 
  2023-01-20 21:41:25 INFO  Menu:38 - Enter the date of birth : 
  2023-01-20 21:41:32 INFO  Menu:40 - Enter password : 
  2023-01-20 21:41:39 INFO  Menu:55 - Registered Sucessfully

  2023-01-20 21:41:39 INFO  Menu:24 - ==========Welcome Admin==========

  2023-01-20 21:41:39 INFO  Menu:25 - Press 1 to Register 
  2023-01-20 21:41:39 INFO  Menu:26 - Press 2 for Login 
  2023-01-20 21:41:52 INFO  Menu:58 - Enter name: 
  2023-01-20 21:41:57 INFO  Menu:60 - Enter password: 
  2023-01-20 21:42:00 INFO  Menu:77 - Login Successful!!
  2023-01-20 21:42:00 INFO  Menu:16 - ************WELECOME TO PIZZA STORE**************
  2023-01-20 21:42:00 INFO  Menu:17 - Press 1 to insert receptionist details:-
  2023-01-20 21:42:00 INFO  Menu:18 - Press 2 to update receptionist details:-
  2023-01-20 21:42:00 INFO  Menu:19 - Press 3 to delete receptionist details:-
  2023-01-20 21:42:00 INFO  Menu:20 - Press 4 to get receptionist details:-
  2023-01-20 21:42:15 INFO  Menu:89 - Enter the name of receptionist:-
  2023-01-20 21:42:20 INFO  Menu:91 - Enter the contact no of receptionist:-
  2023-01-20 21:42:24 INFO  Menu:93 - Enter the designation of receptionist:-
  2023-01-20 21:42:28 INFO  Menu:95 - Enter the gender of receptionist:-
  2023-01-20 21:42:32 INFO  Menu:97 - Enter the address of the receptionist:-
  2023-01-20 21:42:37 INFO  Menu:99 - Enter the shift timing of receptionist:-
  2023-01-20 21:42:59 INFO  Menu:103 - Data stored succesffuly
  2023-01-20 21:42:59 INFO  Menu:28 - To continue press Y otherwise press N
  2023-01-20 21:43:49 INFO  Menu:16 - ************WELECOME TO PIZZA STORE**************
  2023-01-20 21:43:49 INFO  Menu:17 - Press 1 to insert receptionist details:-
  2023-01-20 21:43:49 INFO  Menu:18 - Press 2 to update receptionist details:-
  2023-01-20 21:43:49 INFO  Menu:19 - Press 3 to delete receptionist details:-
  2023-01-20 21:43:49 INFO  Menu:20 - Press 4 to get receptionist details:-
  2023-01-20 21:43:54 INFO  ReceptionistDaoImpl:50 - 1--Akshay Kadam--Counter_receptionist--Male--MORNING 09:00AM-06:00PM--9122546582--kopargaon
  2023-01-20 21:43:54 INFO  ReceptionistDaoImpl:50 - 5--Akshay--Counter--male--MOR 09:00AM-05:00PM--14526578--kopargaon
  2023-01-20 21:43:54 INFO  Menu:50 - Enter the receptionist id
  2023-01-20 21:44:05 INFO  ReceptionistDaoImpl:83 - Press 1: update Receptionist Name
  2023-01-20 21:44:05 INFO  ReceptionistDaoImpl:84 - Press 2: update Designation 
  2023-01-20 21:44:05 INFO  ReceptionistDaoImpl:85 - Press 3: update Receptionist Gender
  2023-01-20 21:44:05 INFO  ReceptionistDaoImpl:86 - Press 4: update Receptionist shift timing
  2023-01-20 21:44:05 INFO  ReceptionistDaoImpl:87 - Press 5: update Receptionist Contact number
  2023-01-20 21:44:05 INFO  ReceptionistDaoImpl:88 - Press 6: update Receptionist Address
  2023-01-20 21:44:15 INFO  ReceptionistDaoImpl:109 - Enter the Receptionist Designation
  2023-01-20 21:44:20 INFO  ReceptionistDaoImpl:121 - updated successfully
  2023-01-20 21:44:20 INFO  Menu:28 - To continue press Y otherwise press N
  2023-01-20 21:44:35 INFO  Menu:16 - ************WELECOME TO PIZZA STORE**************
  2023-01-20 21:44:35 INFO  Menu:17 - Press 1 to insert receptionist details:-
  2023-01-20 21:44:35 INFO  Menu:18 - Press 2 to update receptionist details:-
  2023-01-20 21:44:35 INFO  Menu:19 - Press 3 to delete receptionist details:-
  2023-01-20 21:44:35 INFO  Menu:20 - Press 4 to get receptionist details:-
  2023-01-20 21:44:40 INFO  ReceptionistDaoImpl:50 - 1--Akshay Kadam--Counter_receptionist--Male--MORNING 09:00AM-06:00PM--9122546582--kopargaon
  2023-01-20 21:44:40 INFO  ReceptionistDaoImpl:50 - 5--Akshay--SENIOR--male--MOR 09:00AM-05:00PM--14526578--kopargaon
  2023-01-20 21:44:40 INFO  Menu:28 - To continue press Y otherwise press N
  2023-01-20 21:44:56 INFO  Menu:16 - ************WELECOME TO PIZZA STORE**************
  2023-01-20 21:44:56 INFO  Menu:17 - Press 1 to insert receptionist details:-
  2023-01-20 21:44:56 INFO  Menu:18 - Press 2 to update receptionist details:-
  2023-01-20 21:44:56 INFO  Menu:19 - Press 3 to delete receptionist details:-
  2023-01-20 21:44:56 INFO  Menu:20 - Press 4 to get receptionist details:-
  2023-01-20 21:45:00 INFO  ReceptionistDaoImpl:50 - 1--Akshay Kadam--Counter_receptionist--Male--MORNING 09:00AM-06:00PM--9122546582--kopargaon
  2023-01-20 21:45:00 INFO  ReceptionistDaoImpl:50 - 5--Akshay--SENIOR--male--MOR 09:00AM-05:00PM--14526578--kopargaon
  2023-01-20 21:45:00 INFO  Menu:64 - Enter the receptionist id from the above list
  2023-01-20 21:45:06 INFO  Menu:69 - Deleted succesfully
  2023-01-20 21:45:06 INFO  Menu:28 - To continue press Y otherwise press N
  2023-01-20 21:45:10 INFO  Menu:16 - ************WELECOME TO PIZZA STORE**************
  2023-01-20 21:45:10 INFO  Menu:17 - Press 1 to insert receptionist details:-
  2023-01-20 21:45:10 INFO  Menu:18 - Press 2 to update receptionist details:-
  2023-01-20 21:45:10 INFO  Menu:19 - Press 3 to delete receptionist details:-
  2023-01-20 21:45:10 INFO  Menu:20 - Press 4 to get receptionist details:-
  2023-01-20 21:45:13 INFO  ReceptionistDaoImpl:50 - 1--Akshay Kadam--Counter_receptionist--Male--MORNING 09:00AM-06:00PM--9122546582--kopargaon
  2023-01-20 21:45:13 INFO  Menu:28 - To continue press Y otherwise press N
  